2021/12/10 09:37:00 [notice] 1#1: using the "epoll" event method
2021/12/10 09:37:00 [notice] 1#1: nginx/1.21.4
2021/12/10 09:37:00 [notice] 1#1: built by gcc 10.2.1 20210110 (Debian 10.2.1-6) 
2021/12/10 09:37:00 [notice] 1#1: OS: Linux 5.10.16.3-microsoft-standard-WSL2
2021/12/10 09:37:00 [notice] 1#1: getrlimit(RLIMIT_NOFILE): 1048576:1048576
2021/12/10 09:37:00 [notice] 1#1: start worker processes
2021/12/10 09:37:00 [notice] 1#1: start worker process 32
2021/12/10 09:37:00 [notice] 1#1: start worker process 33
2021/12/10 09:37:00 [notice] 1#1: start worker process 34
2021/12/10 09:37:00 [notice] 1#1: start worker process 35
2021/12/10 09:37:36 [error] 32#32: *1 open() "/usr/share/nginx/html/favicon.ico" failed (2: No such file or directory), client: 172.19.0.1, server: localhost, request: "GET /favicon.ico HTTP/1.1", host: "localhost", referrer: "http://localhost/"
2021/12/10 09:42:19 [notice] 1#1: signal 3 (SIGQUIT) received, shutting down
2021/12/10 09:42:19 [notice] 32#32: gracefully shutting down
2021/12/10 09:42:19 [notice] 33#33: gracefully shutting down
2021/12/10 09:42:19 [notice] 33#33: exiting
2021/12/10 09:42:19 [notice] 35#35: gracefully shutting down
2021/12/10 09:42:19 [notice] 34#34: gracefully shutting down
2021/12/10 09:42:19 [notice] 32#32: exiting
2021/12/10 09:42:19 [notice] 33#33: exit
2021/12/10 09:42:19 [notice] 35#35: exiting
2021/12/10 09:42:19 [notice] 34#34: exiting
2021/12/10 09:42:19 [notice] 32#32: exit
2021/12/10 09:42:19 [notice] 35#35: exit
2021/12/10 09:42:19 [notice] 34#34: exit
2021/12/10 09:42:19 [notice] 1#1: signal 17 (SIGCHLD) received from 33
2021/12/10 09:42:19 [notice] 1#1: worker process 33 exited with code 0
2021/12/10 09:42:19 [notice] 1#1: worker process 34 exited with code 0
2021/12/10 09:42:19 [notice] 1#1: signal 29 (SIGIO) received
2021/12/10 09:42:19 [notice] 1#1: signal 17 (SIGCHLD) received from 32
2021/12/10 09:42:19 [notice] 1#1: worker process 32 exited with code 0
2021/12/10 09:42:19 [notice] 1#1: signal 29 (SIGIO) received
2021/12/10 09:42:19 [notice] 1#1: signal 17 (SIGCHLD) received from 35
2021/12/10 09:42:19 [notice] 1#1: worker process 35 exited with code 0
2021/12/10 09:42:19 [notice] 1#1: exit
2021/12/10 09:42:38 [notice] 1#1: using the "epoll" event method
2021/12/10 09:42:38 [notice] 1#1: nginx/1.21.4
2021/12/10 09:42:38 [notice] 1#1: built by gcc 10.2.1 20210110 (Debian 10.2.1-6) 
2021/12/10 09:42:38 [notice] 1#1: OS: Linux 5.10.16.3-microsoft-standard-WSL2
2021/12/10 09:42:38 [notice] 1#1: getrlimit(RLIMIT_NOFILE): 1048576:1048576
2021/12/10 09:42:38 [notice] 1#1: start worker processes
2021/12/10 09:42:38 [notice] 1#1: start worker process 31
2021/12/10 09:42:38 [notice] 1#1: start worker process 32
2021/12/10 09:42:38 [notice] 1#1: start worker process 33
2021/12/10 09:42:38 [notice] 1#1: start worker process 34
2021/12/10 09:47:10 [error] 31#31: *2 open() "/usr/share/nginx/html/favicon.ico" failed (2: No such file or directory), client: 172.20.0.1, server: localhost, request: "GET /favicon.ico HTTP/1.1", host: "test_domain.com", referrer: "http://test_domain.com/"
2021/12/10 09:48:43 [notice] 1#1: signal 3 (SIGQUIT) received, shutting down
2021/12/10 09:48:43 [notice] 31#31: gracefully shutting down
2021/12/10 09:48:43 [notice] 33#33: gracefully shutting down
2021/12/10 09:48:43 [notice] 34#34: gracefully shutting down
2021/12/10 09:48:43 [notice] 32#32: gracefully shutting down
2021/12/10 09:48:43 [notice] 31#31: exiting
2021/12/10 09:48:43 [notice] 33#33: exiting
2021/12/10 09:48:43 [notice] 34#34: exiting
2021/12/10 09:48:43 [notice] 32#32: exiting
2021/12/10 09:48:43 [notice] 31#31: exit
2021/12/10 09:48:43 [notice] 33#33: exit
2021/12/10 09:48:43 [notice] 34#34: exit
2021/12/10 09:48:43 [notice] 32#32: exit
2021/12/10 09:48:43 [notice] 1#1: signal 17 (SIGCHLD) received from 34
2021/12/10 09:48:43 [notice] 1#1: worker process 31 exited with code 0
2021/12/10 09:48:43 [notice] 1#1: worker process 34 exited with code 0
2021/12/10 09:48:43 [notice] 1#1: signal 29 (SIGIO) received
2021/12/10 09:48:43 [notice] 1#1: signal 17 (SIGCHLD) received from 32
2021/12/10 09:48:43 [notice] 1#1: worker process 32 exited with code 0
2021/12/10 09:48:43 [notice] 1#1: worker process 33 exited with code 0
2021/12/10 09:48:43 [notice] 1#1: exit
2021/12/10 09:49:01 [notice] 1#1: using the "epoll" event method
2021/12/10 09:49:01 [notice] 1#1: nginx/1.21.4
2021/12/10 09:49:01 [notice] 1#1: built by gcc 10.2.1 20210110 (Debian 10.2.1-6) 
2021/12/10 09:49:01 [notice] 1#1: OS: Linux 5.10.16.3-microsoft-standard-WSL2
2021/12/10 09:49:01 [notice] 1#1: getrlimit(RLIMIT_NOFILE): 1048576:1048576
2021/12/10 09:49:01 [notice] 1#1: start worker processes
2021/12/10 09:49:01 [notice] 1#1: start worker process 32
2021/12/10 09:49:01 [notice] 1#1: start worker process 33
2021/12/10 09:49:01 [notice] 1#1: start worker process 34
2021/12/10 09:49:01 [notice] 1#1: start worker process 35
2021/12/10 09:49:38 [notice] 1#1: signal 3 (SIGQUIT) received, shutting down
2021/12/10 09:49:38 [notice] 32#32: gracefully shutting down
2021/12/10 09:49:38 [notice] 35#35: gracefully shutting down
2021/12/10 09:49:38 [notice] 33#33: gracefully shutting down
2021/12/10 09:49:38 [notice] 34#34: gracefully shutting down
2021/12/10 09:49:38 [notice] 32#32: exiting
2021/12/10 09:49:38 [notice] 35#35: exiting
2021/12/10 09:49:38 [notice] 33#33: exiting
2021/12/10 09:49:38 [notice] 34#34: exiting
2021/12/10 09:49:38 [notice] 32#32: exit
2021/12/10 09:49:38 [notice] 35#35: exit
2021/12/10 09:49:38 [notice] 33#33: exit
2021/12/10 09:49:38 [notice] 34#34: exit
2021/12/10 09:49:38 [notice] 1#1: signal 17 (SIGCHLD) received from 32
2021/12/10 09:49:38 [notice] 1#1: worker process 32 exited with code 0
2021/12/10 09:49:38 [notice] 1#1: signal 29 (SIGIO) received
2021/12/10 09:49:38 [notice] 1#1: signal 17 (SIGCHLD) received from 33
2021/12/10 09:49:38 [notice] 1#1: worker process 33 exited with code 0
2021/12/10 09:49:38 [notice] 1#1: worker process 34 exited with code 0
2021/12/10 09:49:38 [notice] 1#1: worker process 35 exited with code 0
2021/12/10 09:49:38 [notice] 1#1: exit
2021/12/10 09:49:54 [notice] 1#1: using the "epoll" event method
2021/12/10 09:49:54 [notice] 1#1: nginx/1.21.4
2021/12/10 09:49:54 [notice] 1#1: built by gcc 10.2.1 20210110 (Debian 10.2.1-6) 
2021/12/10 09:49:54 [notice] 1#1: OS: Linux 5.10.16.3-microsoft-standard-WSL2
2021/12/10 09:49:54 [notice] 1#1: getrlimit(RLIMIT_NOFILE): 1048576:1048576
2021/12/10 09:49:54 [notice] 1#1: start worker processes
2021/12/10 09:49:54 [notice] 1#1: start worker process 32
2021/12/10 09:49:54 [notice] 1#1: start worker process 33
2021/12/10 09:49:54 [notice] 1#1: start worker process 34
2021/12/10 09:49:54 [notice] 1#1: start worker process 35
2021/12/10 09:56:14 [notice] 1#1: signal 3 (SIGQUIT) received, shutting down
2021/12/10 09:56:14 [notice] 32#32: gracefully shutting down
2021/12/10 09:56:14 [notice] 33#33: gracefully shutting down
2021/12/10 09:56:14 [notice] 35#35: gracefully shutting down
2021/12/10 09:56:14 [notice] 35#35: exiting
2021/12/10 09:56:14 [notice] 34#34: gracefully shutting down
2021/12/10 09:56:14 [notice] 32#32: exiting
2021/12/10 09:56:14 [notice] 33#33: exiting
2021/12/10 09:56:14 [notice] 35#35: exit
2021/12/10 09:56:14 [notice] 34#34: exiting
2021/12/10 09:56:14 [notice] 32#32: exit
2021/12/10 09:56:14 [notice] 33#33: exit
2021/12/10 09:56:14 [notice] 34#34: exit
2021/12/10 09:56:14 [notice] 1#1: signal 17 (SIGCHLD) received from 34
2021/12/10 09:56:14 [notice] 1#1: worker process 34 exited with code 0
2021/12/10 09:56:14 [notice] 1#1: signal 29 (SIGIO) received
2021/12/10 09:56:14 [notice] 1#1: signal 17 (SIGCHLD) received from 35
2021/12/10 09:56:14 [notice] 1#1: worker process 35 exited with code 0
2021/12/10 09:56:14 [notice] 1#1: signal 29 (SIGIO) received
2021/12/10 09:56:14 [notice] 1#1: signal 17 (SIGCHLD) received from 32
2021/12/10 09:56:14 [notice] 1#1: worker process 32 exited with code 0
2021/12/10 09:56:14 [notice] 1#1: signal 29 (SIGIO) received
2021/12/10 09:56:14 [notice] 1#1: signal 17 (SIGCHLD) received from 33
2021/12/10 09:56:14 [notice] 1#1: worker process 33 exited with code 0
2021/12/10 09:56:14 [notice] 1#1: exit
2021/12/10 09:57:57 [notice] 1#1: using the "epoll" event method
2021/12/10 09:57:57 [notice] 1#1: nginx/1.21.4
2021/12/10 09:57:57 [notice] 1#1: built by gcc 10.2.1 20210110 (Debian 10.2.1-6) 
2021/12/10 09:57:57 [notice] 1#1: OS: Linux 5.10.16.3-microsoft-standard-WSL2
2021/12/10 09:57:57 [notice] 1#1: getrlimit(RLIMIT_NOFILE): 1048576:1048576
2021/12/10 09:57:57 [notice] 1#1: start worker processes
2021/12/10 09:57:57 [notice] 1#1: start worker process 32
2021/12/10 09:57:57 [notice] 1#1: start worker process 33
2021/12/10 09:57:57 [notice] 1#1: start worker process 34
2021/12/10 09:57:57 [notice] 1#1: start worker process 35
2021/12/10 10:02:09 [notice] 1#1: signal 3 (SIGQUIT) received, shutting down
2021/12/10 10:02:09 [notice] 32#32: gracefully shutting down
2021/12/10 10:02:09 [notice] 33#33: gracefully shutting down
2021/12/10 10:02:09 [notice] 33#33: exiting
2021/12/10 10:02:09 [notice] 34#34: gracefully shutting down
2021/12/10 10:02:09 [notice] 35#35: gracefully shutting down
2021/12/10 10:02:09 [notice] 32#32: exiting
2021/12/10 10:02:09 [notice] 33#33: exit
2021/12/10 10:02:09 [notice] 34#34: exiting
2021/12/10 10:02:09 [notice] 35#35: exiting
2021/12/10 10:02:09 [notice] 32#32: exit
2021/12/10 10:02:09 [notice] 34#34: exit
2021/12/10 10:02:09 [notice] 35#35: exit
2021/12/10 10:02:09 [notice] 1#1: signal 17 (SIGCHLD) received from 32
2021/12/10 10:02:09 [notice] 1#1: worker process 32 exited with code 0
2021/12/10 10:02:09 [notice] 1#1: signal 29 (SIGIO) received
2021/12/10 10:02:09 [notice] 1#1: signal 17 (SIGCHLD) received from 33
2021/12/10 10:02:09 [notice] 1#1: worker process 33 exited with code 0
2021/12/10 10:02:09 [notice] 1#1: signal 29 (SIGIO) received
2021/12/10 10:02:09 [notice] 1#1: signal 17 (SIGCHLD) received from 35
2021/12/10 10:02:09 [notice] 1#1: worker process 34 exited with code 0
2021/12/10 10:02:09 [notice] 1#1: worker process 35 exited with code 0
2021/12/10 10:02:09 [notice] 1#1: exit
2021/12/10 10:02:31 [notice] 1#1: using the "epoll" event method
2021/12/10 10:02:31 [notice] 1#1: nginx/1.21.4
2021/12/10 10:02:31 [notice] 1#1: built by gcc 10.2.1 20210110 (Debian 10.2.1-6) 
2021/12/10 10:02:31 [notice] 1#1: OS: Linux 5.10.16.3-microsoft-standard-WSL2
2021/12/10 10:02:31 [notice] 1#1: getrlimit(RLIMIT_NOFILE): 1048576:1048576
2021/12/10 10:02:31 [notice] 1#1: start worker processes
2021/12/10 10:02:31 [notice] 1#1: start worker process 31
2021/12/10 10:02:31 [notice] 1#1: start worker process 32
2021/12/10 10:02:31 [notice] 1#1: start worker process 33
2021/12/10 10:02:31 [notice] 1#1: start worker process 34
2021/12/10 10:04:46 [notice] 1#1: signal 3 (SIGQUIT) received, shutting down
2021/12/10 10:04:46 [notice] 31#31: gracefully shutting down
2021/12/10 10:04:46 [notice] 31#31: exiting
2021/12/10 10:04:46 [notice] 32#32: gracefully shutting down
2021/12/10 10:04:46 [notice] 34#34: gracefully shutting down
2021/12/10 10:04:46 [notice] 33#33: gracefully shutting down
2021/12/10 10:04:46 [notice] 31#31: exit
2021/12/10 10:04:46 [notice] 32#32: exiting
2021/12/10 10:04:46 [notice] 32#32: exit
2021/12/10 10:04:46 [notice] 34#34: exiting
2021/12/10 10:04:46 [notice] 34#34: exit
2021/12/10 10:04:46 [notice] 33#33: exiting
2021/12/10 10:04:46 [notice] 33#33: exit
2021/12/10 10:04:46 [notice] 1#1: signal 17 (SIGCHLD) received from 34
2021/12/10 10:04:46 [notice] 1#1: worker process 31 exited with code 0
2021/12/10 10:04:46 [notice] 1#1: worker process 32 exited with code 0
2021/12/10 10:04:46 [notice] 1#1: worker process 33 exited with code 0
2021/12/10 10:04:46 [notice] 1#1: worker process 34 exited with code 0
2021/12/10 10:04:46 [notice] 1#1: exit
2021/12/10 10:05:08 [notice] 1#1: using the "epoll" event method
2021/12/10 10:05:08 [notice] 1#1: nginx/1.21.4
2021/12/10 10:05:08 [notice] 1#1: built by gcc 10.2.1 20210110 (Debian 10.2.1-6) 
2021/12/10 10:05:08 [notice] 1#1: OS: Linux 5.10.16.3-microsoft-standard-WSL2
2021/12/10 10:05:08 [notice] 1#1: getrlimit(RLIMIT_NOFILE): 1048576:1048576
2021/12/10 10:05:08 [notice] 1#1: start worker processes
2021/12/10 10:05:08 [notice] 1#1: start worker process 32
2021/12/10 10:05:08 [notice] 1#1: start worker process 33
2021/12/10 10:05:08 [notice] 1#1: start worker process 34
2021/12/10 10:05:08 [notice] 1#1: start worker process 35
2021/12/10 10:25:29 [notice] 1#1: signal 3 (SIGQUIT) received, shutting down
2021/12/10 10:25:29 [notice] 32#32: gracefully shutting down
2021/12/10 10:25:29 [notice] 32#32: exiting
2021/12/10 10:25:29 [notice] 34#34: gracefully shutting down
2021/12/10 10:25:29 [notice] 34#34: exiting
2021/12/10 10:25:29 [notice] 35#35: gracefully shutting down
2021/12/10 10:25:29 [notice] 33#33: gracefully shutting down
2021/12/10 10:25:29 [notice] 32#32: exit
2021/12/10 10:25:29 [notice] 34#34: exit
2021/12/10 10:25:29 [notice] 35#35: exiting
2021/12/10 10:25:29 [notice] 33#33: exiting
2021/12/10 10:25:29 [notice] 35#35: exit
2021/12/10 10:25:29 [notice] 33#33: exit
2021/12/10 10:25:29 [notice] 1#1: signal 17 (SIGCHLD) received from 33
2021/12/10 10:25:29 [notice] 1#1: worker process 32 exited with code 0
2021/12/10 10:25:29 [notice] 1#1: worker process 33 exited with code 0
2021/12/10 10:25:29 [notice] 1#1: worker process 34 exited with code 0
2021/12/10 10:25:29 [notice] 1#1: worker process 35 exited with code 0
2021/12/10 10:25:29 [notice] 1#1: exit
2021/12/10 10:26:22 [notice] 1#1: using the "epoll" event method
2021/12/10 10:26:22 [notice] 1#1: nginx/1.21.4
2021/12/10 10:26:22 [notice] 1#1: built by gcc 10.2.1 20210110 (Debian 10.2.1-6) 
2021/12/10 10:26:22 [notice] 1#1: OS: Linux 5.10.16.3-microsoft-standard-WSL2
2021/12/10 10:26:22 [notice] 1#1: getrlimit(RLIMIT_NOFILE): 1048576:1048576
2021/12/10 10:26:22 [notice] 1#1: start worker processes
2021/12/10 10:26:22 [notice] 1#1: start worker process 32
2021/12/10 10:26:22 [notice] 1#1: start worker process 33
2021/12/10 10:26:22 [notice] 1#1: start worker process 34
2021/12/10 10:26:22 [notice] 1#1: start worker process 35
2021/12/10 10:35:44 [notice] 1#1: signal 3 (SIGQUIT) received, shutting down
2021/12/10 10:35:44 [notice] 32#32: gracefully shutting down
2021/12/10 10:35:44 [notice] 33#33: gracefully shutting down
2021/12/10 10:35:44 [notice] 33#33: exiting
2021/12/10 10:35:44 [notice] 34#34: gracefully shutting down
2021/12/10 10:35:44 [notice] 35#35: gracefully shutting down
2021/12/10 10:35:44 [notice] 35#35: exiting
2021/12/10 10:35:44 [notice] 33#33: exit
2021/12/10 10:35:44 [notice] 34#34: exiting
2021/12/10 10:35:44 [notice] 35#35: exit
2021/12/10 10:35:44 [notice] 34#34: exit
2021/12/10 10:35:44 [notice] 1#1: signal 17 (SIGCHLD) received from 34
2021/12/10 10:35:44 [notice] 1#1: worker process 34 exited with code 0
2021/12/10 10:35:44 [notice] 1#1: signal 29 (SIGIO) received
2021/12/10 10:35:44 [notice] 1#1: signal 17 (SIGCHLD) received from 35
2021/12/10 10:35:44 [notice] 1#1: worker process 35 exited with code 0
2021/12/10 10:35:44 [notice] 1#1: signal 29 (SIGIO) received
2021/12/10 10:35:44 [notice] 1#1: signal 17 (SIGCHLD) received from 33
2021/12/10 10:35:44 [notice] 1#1: worker process 33 exited with code 0
2021/12/10 10:35:44 [notice] 1#1: signal 29 (SIGIO) received
2021/12/10 10:37:00 [notice] 1#1: using the "epoll" event method
2021/12/10 10:37:00 [notice] 1#1: nginx/1.21.4
2021/12/10 10:37:00 [notice] 1#1: built by gcc 10.2.1 20210110 (Debian 10.2.1-6) 
2021/12/10 10:37:00 [notice] 1#1: OS: Linux 5.10.16.3-microsoft-standard-WSL2
2021/12/10 10:37:00 [notice] 1#1: getrlimit(RLIMIT_NOFILE): 1048576:1048576
2021/12/10 10:37:00 [notice] 1#1: start worker processes
2021/12/10 10:37:00 [notice] 1#1: start worker process 35
2021/12/10 10:37:00 [notice] 1#1: start worker process 36
2021/12/10 10:37:00 [notice] 1#1: start worker process 37
2021/12/10 10:37:00 [notice] 1#1: start worker process 38
2021/12/10 10:37:04 [error] 35#35: *1 directory index of "/var/www/html/example-app/" is forbidden, client: 172.27.0.1, server: test_domain.com, request: "GET / HTTP/1.1", host: "test_domain.com"
2021/12/10 10:37:38 [error] 35#35: *3 directory index of "/var/www/html/example-app/" is forbidden, client: 172.27.0.1, server: test_domain.com, request: "GET / HTTP/1.1", host: "test_domain.com"
2021/12/10 10:37:39 [error] 35#35: *3 directory index of "/var/www/html/example-app/" is forbidden, client: 172.27.0.1, server: test_domain.com, request: "GET / HTTP/1.1", host: "test_domain.com"
2021/12/10 10:37:44 [error] 35#35: *3 directory index of "/var/www/html/example-app/" is forbidden, client: 172.27.0.1, server: test_domain.com, request: "GET / HTTP/1.1", host: "test_domain.com"
2021/12/10 10:37:44 [error] 35#35: *3 open() "/var/www/html/example-app/favicon.ico" failed (2: No such file or directory), client: 172.27.0.1, server: test_domain.com, request: "GET /favicon.ico HTTP/1.1", host: "test_domain.com", referrer: "http://test_domain.com/"
2021/12/10 10:37:50 [notice] 1#1: signal 3 (SIGQUIT) received, shutting down
2021/12/10 10:37:50 [notice] 35#35: gracefully shutting down
2021/12/10 10:37:50 [notice] 37#37: gracefully shutting down
2021/12/10 10:37:50 [notice] 37#37: exiting
2021/12/10 10:37:50 [notice] 36#36: gracefully shutting down
2021/12/10 10:37:50 [notice] 36#36: exiting
2021/12/10 10:37:50 [notice] 38#38: gracefully shutting down
2021/12/10 10:37:50 [notice] 37#37: exit
2021/12/10 10:37:50 [notice] 36#36: exit
2021/12/10 10:37:50 [notice] 38#38: exiting
2021/12/10 10:37:50 [notice] 38#38: exit
2021/12/10 10:37:50 [notice] 1#1: signal 17 (SIGCHLD) received from 38
2021/12/10 10:37:50 [notice] 1#1: worker process 37 exited with code 0
2021/12/10 10:37:50 [notice] 1#1: worker process 38 exited with code 0
2021/12/10 10:37:50 [notice] 1#1: signal 29 (SIGIO) received
2021/12/10 10:37:50 [notice] 1#1: signal 17 (SIGCHLD) received from 36
2021/12/10 10:37:50 [notice] 1#1: worker process 36 exited with code 0
2021/12/10 10:37:50 [notice] 1#1: signal 29 (SIGIO) received
2021/12/10 10:37:50 [notice] 35#35: exiting
2021/12/10 10:37:50 [notice] 35#35: exit
2021/12/10 10:37:51 [notice] 1#1: signal 17 (SIGCHLD) received from 35
2021/12/10 10:37:51 [notice] 1#1: worker process 35 exited with code 0
2021/12/10 10:37:51 [notice] 1#1: exit
2021/12/10 10:38:09 [notice] 1#1: using the "epoll" event method
2021/12/10 10:38:09 [notice] 1#1: nginx/1.21.4
2021/12/10 10:38:09 [notice] 1#1: built by gcc 10.2.1 20210110 (Debian 10.2.1-6) 
2021/12/10 10:38:09 [notice] 1#1: OS: Linux 5.10.16.3-microsoft-standard-WSL2
2021/12/10 10:38:09 [notice] 1#1: getrlimit(RLIMIT_NOFILE): 1048576:1048576
2021/12/10 10:38:09 [notice] 1#1: start worker processes
2021/12/10 10:38:09 [notice] 1#1: start worker process 31
2021/12/10 10:38:09 [notice] 1#1: start worker process 32
2021/12/10 10:38:09 [notice] 1#1: start worker process 33
2021/12/10 10:38:09 [notice] 1#1: start worker process 34
2021/12/10 13:07:22 [notice] 1#1: using the "epoll" event method
2021/12/10 13:07:22 [notice] 1#1: nginx/1.21.4
2021/12/10 13:07:22 [notice] 1#1: built by gcc 10.2.1 20210110 (Debian 10.2.1-6) 
2021/12/10 13:07:22 [notice] 1#1: OS: Linux 5.10.16.3-microsoft-standard-WSL2
2021/12/10 13:07:22 [notice] 1#1: getrlimit(RLIMIT_NOFILE): 1048576:1048576
2021/12/10 13:07:22 [notice] 1#1: start worker processes
2021/12/10 13:07:22 [notice] 1#1: start worker process 25
2021/12/10 13:07:22 [notice] 1#1: start worker process 26
2021/12/10 13:07:22 [notice] 1#1: start worker process 27
2021/12/10 13:07:22 [notice] 1#1: start worker process 28
2021/12/10 14:52:10 [notice] 1#1: using the "epoll" event method
2021/12/10 14:52:10 [notice] 1#1: nginx/1.21.4
2021/12/10 14:52:10 [notice] 1#1: built by gcc 10.2.1 20210110 (Debian 10.2.1-6) 
2021/12/10 14:52:10 [notice] 1#1: OS: Linux 5.10.16.3-microsoft-standard-WSL2
2021/12/10 14:52:10 [notice] 1#1: getrlimit(RLIMIT_NOFILE): 1048576:1048576
2021/12/10 14:52:10 [notice] 1#1: start worker processes
2021/12/10 14:52:10 [notice] 1#1: start worker process 25
2021/12/10 14:52:10 [notice] 1#1: start worker process 26
2021/12/10 14:52:10 [notice] 1#1: start worker process 27
2021/12/10 14:52:10 [notice] 1#1: start worker process 28
2021/12/10 15:01:27 [notice] 1#1: signal 3 (SIGQUIT) received, shutting down
2021/12/10 15:01:27 [notice] 25#25: gracefully shutting down
2021/12/10 15:01:27 [notice] 26#26: gracefully shutting down
2021/12/10 15:01:27 [notice] 27#27: gracefully shutting down
2021/12/10 15:01:27 [notice] 28#28: gracefully shutting down
2021/12/10 15:01:27 [notice] 25#25: exiting
2021/12/10 15:01:27 [notice] 26#26: exiting
2021/12/10 15:01:27 [notice] 27#27: exiting
2021/12/10 15:01:27 [notice] 27#27: exit
2021/12/10 15:01:27 [notice] 28#28: exiting
2021/12/10 15:01:27 [notice] 25#25: exit
2021/12/10 15:01:27 [notice] 26#26: exit
2021/12/10 15:01:27 [notice] 28#28: exit
2021/12/10 15:01:27 [notice] 1#1: signal 17 (SIGCHLD) received from 28
2021/12/10 15:01:27 [notice] 1#1: worker process 28 exited with code 0
2021/12/10 15:01:27 [notice] 1#1: signal 29 (SIGIO) received
2021/12/10 15:01:27 [notice] 1#1: signal 17 (SIGCHLD) received from 25
2021/12/10 15:01:27 [notice] 1#1: worker process 25 exited with code 0
2021/12/10 15:01:27 [notice] 1#1: signal 29 (SIGIO) received
2021/12/10 15:01:27 [notice] 1#1: signal 17 (SIGCHLD) received from 27
2021/12/10 15:01:27 [notice] 1#1: worker process 26 exited with code 0
2021/12/10 15:01:27 [notice] 1#1: worker process 27 exited with code 0
2021/12/10 15:01:27 [notice] 1#1: exit
2021/12/11 02:36:02 [notice] 1#1: using the "epoll" event method
2021/12/11 02:36:02 [notice] 1#1: nginx/1.21.4
2021/12/11 02:36:02 [notice] 1#1: built by gcc 10.2.1 20210110 (Debian 10.2.1-6) 
2021/12/11 02:36:02 [notice] 1#1: OS: Linux 5.10.16.3-microsoft-standard-WSL2
2021/12/11 02:36:02 [notice] 1#1: getrlimit(RLIMIT_NOFILE): 1048576:1048576
2021/12/11 02:36:02 [notice] 1#1: start worker processes
2021/12/11 02:36:02 [notice] 1#1: start worker process 32
2021/12/11 02:36:02 [notice] 1#1: start worker process 33
2021/12/11 02:36:02 [notice] 1#1: start worker process 34
2021/12/11 02:36:02 [notice] 1#1: start worker process 35
2021/12/11 02:39:53 [notice] 1#1: signal 3 (SIGQUIT) received, shutting down
2021/12/11 02:39:53 [notice] 33#33: gracefully shutting down
2021/12/11 02:39:53 [notice] 34#34: gracefully shutting down
2021/12/11 02:39:53 [notice] 34#34: exiting
2021/12/11 02:39:53 [notice] 35#35: gracefully shutting down
2021/12/11 02:39:53 [notice] 35#35: exiting
2021/12/11 02:39:53 [notice] 34#34: exit
2021/12/11 02:39:53 [notice] 33#33: exiting
2021/12/11 02:39:53 [notice] 32#32: gracefully shutting down
2021/12/11 02:39:53 [notice] 35#35: exit
2021/12/11 02:39:53 [notice] 33#33: exit
2021/12/11 02:39:53 [notice] 32#32: exiting
2021/12/11 02:39:53 [notice] 32#32: exit
2021/12/11 02:39:53 [notice] 1#1: signal 17 (SIGCHLD) received from 34
2021/12/11 02:39:53 [notice] 1#1: worker process 32 exited with code 0
2021/12/11 02:39:53 [notice] 1#1: worker process 33 exited with code 0
2021/12/11 02:39:53 [notice] 1#1: worker process 34 exited with code 0
2021/12/11 02:39:53 [notice] 1#1: worker process 35 exited with code 0
2021/12/11 02:39:53 [notice] 1#1: exit
2021/12/12 02:11:10 [notice] 1#1: using the "epoll" event method
2021/12/12 02:11:10 [notice] 1#1: nginx/1.21.4
2021/12/12 02:11:10 [notice] 1#1: built by gcc 10.2.1 20210110 (Debian 10.2.1-6) 
2021/12/12 02:11:10 [notice] 1#1: OS: Linux 5.10.16.3-microsoft-standard-WSL2
2021/12/12 02:11:10 [notice] 1#1: getrlimit(RLIMIT_NOFILE): 1048576:1048576
2021/12/12 02:11:10 [notice] 1#1: start worker processes
2021/12/12 02:11:10 [notice] 1#1: start worker process 32
2021/12/12 02:11:10 [notice] 1#1: start worker process 33
2021/12/12 02:11:10 [notice] 1#1: start worker process 34
2021/12/12 02:11:10 [notice] 1#1: start worker process 35
2021/12/12 02:32:41 [notice] 1#1: signal 3 (SIGQUIT) received, shutting down
2021/12/12 02:32:41 [notice] 32#32: gracefully shutting down
2021/12/12 02:32:41 [notice] 33#33: gracefully shutting down
2021/12/12 02:32:41 [notice] 35#35: gracefully shutting down
2021/12/12 02:32:41 [notice] 34#34: gracefully shutting down
2021/12/12 02:32:41 [notice] 32#32: exiting
2021/12/12 02:32:41 [notice] 33#33: exiting
2021/12/12 02:32:41 [notice] 35#35: exiting
2021/12/12 02:32:41 [notice] 34#34: exiting
2021/12/12 02:32:41 [notice] 32#32: exit
2021/12/12 02:32:41 [notice] 33#33: exit
2021/12/12 02:32:41 [notice] 35#35: exit
2021/12/12 02:32:41 [notice] 34#34: exit
2021/12/12 02:32:41 [notice] 1#1: signal 17 (SIGCHLD) received from 35
2021/12/12 02:32:41 [notice] 1#1: worker process 33 exited with code 0
2021/12/12 02:32:41 [notice] 1#1: worker process 35 exited with code 0
2021/12/12 02:32:41 [notice] 1#1: signal 29 (SIGIO) received
2021/12/12 02:32:41 [notice] 1#1: signal 17 (SIGCHLD) received from 33
2021/12/12 02:32:41 [notice] 1#1: signal 17 (SIGCHLD) received from 32
2021/12/12 02:32:41 [notice] 1#1: worker process 32 exited with code 0
2021/12/12 02:32:41 [notice] 1#1: worker process 34 exited with code 0
2021/12/12 02:32:41 [notice] 1#1: exit
2021/12/12 02:54:34 [notice] 1#1: using the "epoll" event method
2021/12/12 02:54:34 [notice] 1#1: nginx/1.21.4
2021/12/12 02:54:34 [notice] 1#1: built by gcc 10.2.1 20210110 (Debian 10.2.1-6) 
2021/12/12 02:54:34 [notice] 1#1: OS: Linux 5.10.16.3-microsoft-standard-WSL2
2021/12/12 02:54:34 [notice] 1#1: getrlimit(RLIMIT_NOFILE): 1048576:1048576
2021/12/12 02:54:34 [notice] 1#1: start worker processes
2021/12/12 02:54:34 [notice] 1#1: start worker process 31
2021/12/12 02:54:34 [notice] 1#1: start worker process 32
2021/12/12 02:54:34 [notice] 1#1: start worker process 33
2021/12/12 02:54:34 [notice] 1#1: start worker process 34
2021/12/12 02:56:32 [notice] 1#1: signal 3 (SIGQUIT) received, shutting down
2021/12/12 02:56:32 [notice] 31#31: gracefully shutting down
2021/12/12 02:56:32 [notice] 32#32: gracefully shutting down
2021/12/12 02:56:32 [notice] 33#33: gracefully shutting down
2021/12/12 02:56:32 [notice] 34#34: gracefully shutting down
2021/12/12 02:56:32 [notice] 31#31: exiting
2021/12/12 02:56:32 [notice] 32#32: exiting
2021/12/12 02:56:32 [notice] 33#33: exiting
2021/12/12 02:56:32 [notice] 34#34: exiting
2021/12/12 02:56:32 [notice] 31#31: exit
2021/12/12 02:56:32 [notice] 32#32: exit
2021/12/12 02:56:32 [notice] 33#33: exit
2021/12/12 02:56:32 [notice] 34#34: exit
2021/12/12 02:56:33 [notice] 1#1: signal 17 (SIGCHLD) received from 31
2021/12/12 02:56:33 [notice] 1#1: worker process 31 exited with code 0
2021/12/12 02:56:33 [notice] 1#1: worker process 32 exited with code 0
2021/12/12 02:56:33 [notice] 1#1: worker process 33 exited with code 0
2021/12/12 02:56:33 [notice] 1#1: worker process 34 exited with code 0
2021/12/12 02:56:33 [notice] 1#1: exit
2021/12/12 02:56:52 [notice] 1#1: using the "epoll" event method
2021/12/12 02:56:52 [notice] 1#1: nginx/1.21.4
2021/12/12 02:56:52 [notice] 1#1: built by gcc 10.2.1 20210110 (Debian 10.2.1-6) 
2021/12/12 02:56:52 [notice] 1#1: OS: Linux 5.10.16.3-microsoft-standard-WSL2
2021/12/12 02:56:52 [notice] 1#1: getrlimit(RLIMIT_NOFILE): 1048576:1048576
2021/12/12 02:56:52 [notice] 1#1: start worker processes
2021/12/12 02:56:52 [notice] 1#1: start worker process 32
2021/12/12 02:56:52 [notice] 1#1: start worker process 33
2021/12/12 02:56:52 [notice] 1#1: start worker process 34
2021/12/12 02:56:52 [notice] 1#1: start worker process 35
2021/12/12 08:04:52 [notice] 1#1: using the "epoll" event method
2021/12/12 08:04:52 [notice] 1#1: nginx/1.21.4
2021/12/12 08:04:52 [notice] 1#1: built by gcc 10.2.1 20210110 (Debian 10.2.1-6) 
2021/12/12 08:04:52 [notice] 1#1: OS: Linux 5.10.16.3-microsoft-standard-WSL2
2021/12/12 08:04:52 [notice] 1#1: getrlimit(RLIMIT_NOFILE): 1048576:1048576
2021/12/12 08:04:52 [notice] 1#1: start worker processes
2021/12/12 08:04:52 [notice] 1#1: start worker process 25
2021/12/12 08:04:52 [notice] 1#1: start worker process 26
2021/12/12 08:04:52 [notice] 1#1: start worker process 27
2021/12/12 08:04:52 [notice] 1#1: start worker process 28
2021/12/12 08:41:45 [notice] 1#1: signal 3 (SIGQUIT) received, shutting down
2021/12/12 08:41:45 [notice] 25#25: gracefully shutting down
2021/12/12 08:41:45 [notice] 26#26: gracefully shutting down
2021/12/12 08:41:45 [notice] 27#27: gracefully shutting down
2021/12/12 08:41:45 [notice] 28#28: gracefully shutting down
2021/12/12 08:41:45 [notice] 27#27: exiting
2021/12/12 08:41:45 [notice] 25#25: exiting
2021/12/12 08:41:45 [notice] 26#26: exiting
2021/12/12 08:41:45 [notice] 28#28: exiting
2021/12/12 08:41:45 [notice] 27#27: exit
2021/12/12 08:41:45 [notice] 25#25: exit
2021/12/12 08:41:45 [notice] 26#26: exit
2021/12/12 08:41:45 [notice] 28#28: exit
2021/12/12 08:41:45 [notice] 1#1: signal 17 (SIGCHLD) received from 27
2021/12/12 08:41:45 [notice] 1#1: worker process 25 exited with code 0
2021/12/12 08:41:45 [notice] 1#1: worker process 26 exited with code 0
2021/12/12 08:41:45 [notice] 1#1: worker process 27 exited with code 0
2021/12/12 08:41:45 [notice] 1#1: worker process 28 exited with code 0
2021/12/12 08:41:45 [notice] 1#1: exit
2021/12/12 09:55:30 [notice] 1#1: using the "epoll" event method
2021/12/12 09:55:30 [notice] 1#1: nginx/1.21.4
2021/12/12 09:55:30 [notice] 1#1: built by gcc 10.2.1 20210110 (Debian 10.2.1-6) 
2021/12/12 09:55:30 [notice] 1#1: OS: Linux 5.10.16.3-microsoft-standard-WSL2
2021/12/12 09:55:30 [notice] 1#1: getrlimit(RLIMIT_NOFILE): 1048576:1048576
2021/12/12 09:55:30 [notice] 1#1: start worker processes
2021/12/12 09:55:30 [notice] 1#1: start worker process 32
2021/12/12 09:55:30 [notice] 1#1: start worker process 33
2021/12/12 09:55:30 [notice] 1#1: start worker process 34
2021/12/12 09:55:30 [notice] 1#1: start worker process 35
2021/12/12 09:58:45 [notice] 1#1: signal 3 (SIGQUIT) received, shutting down
2021/12/12 09:58:45 [notice] 32#32: gracefully shutting down
2021/12/12 09:58:45 [notice] 34#34: gracefully shutting down
2021/12/12 09:58:45 [notice] 33#33: gracefully shutting down
2021/12/12 09:58:45 [notice] 33#33: exiting
2021/12/12 09:58:45 [notice] 35#35: gracefully shutting down
2021/12/12 09:58:45 [notice] 32#32: exiting
2021/12/12 09:58:45 [notice] 34#34: exiting
2021/12/12 09:58:45 [notice] 32#32: exit
2021/12/12 09:58:45 [notice] 33#33: exit
2021/12/12 09:58:45 [notice] 35#35: exiting
2021/12/12 09:58:45 [notice] 34#34: exit
2021/12/12 09:58:45 [notice] 35#35: exit
2021/12/12 09:58:45 [notice] 1#1: signal 17 (SIGCHLD) received from 33
2021/12/12 09:58:45 [notice] 1#1: worker process 32 exited with code 0
2021/12/12 09:58:45 [notice] 1#1: worker process 33 exited with code 0
2021/12/12 09:58:45 [notice] 1#1: signal 29 (SIGIO) received
2021/12/12 09:58:45 [notice] 1#1: signal 17 (SIGCHLD) received from 32
2021/12/12 09:58:45 [notice] 1#1: signal 17 (SIGCHLD) received from 35
2021/12/12 09:58:45 [notice] 1#1: worker process 34 exited with code 0
2021/12/12 09:58:45 [notice] 1#1: worker process 35 exited with code 0
2021/12/12 09:58:45 [notice] 1#1: exit
2021/12/12 10:02:17 [notice] 1#1: using the "epoll" event method
2021/12/12 10:02:17 [notice] 1#1: nginx/1.21.4
2021/12/12 10:02:17 [notice] 1#1: built by gcc 10.2.1 20210110 (Debian 10.2.1-6) 
2021/12/12 10:02:17 [notice] 1#1: OS: Linux 5.10.16.3-microsoft-standard-WSL2
2021/12/12 10:02:17 [notice] 1#1: getrlimit(RLIMIT_NOFILE): 1048576:1048576
2021/12/12 10:02:17 [notice] 1#1: start worker processes
2021/12/12 10:02:17 [notice] 1#1: start worker process 31
2021/12/12 10:02:17 [notice] 1#1: start worker process 32
2021/12/12 10:02:17 [notice] 1#1: start worker process 33
2021/12/12 10:02:17 [notice] 1#1: start worker process 34
2021/12/12 10:07:54 [notice] 1#1: signal 3 (SIGQUIT) received, shutting down
2021/12/12 10:07:55 [notice] 31#31: gracefully shutting down
2021/12/12 10:07:55 [notice] 32#32: gracefully shutting down
2021/12/12 10:07:55 [notice] 33#33: gracefully shutting down
2021/12/12 10:07:55 [notice] 34#34: gracefully shutting down
2021/12/12 10:07:55 [notice] 31#31: exiting
2021/12/12 10:07:55 [notice] 32#32: exiting
2021/12/12 10:07:55 [notice] 33#33: exiting
2021/12/12 10:07:55 [notice] 34#34: exiting
2021/12/12 10:07:55 [notice] 31#31: exit
2021/12/12 10:07:55 [notice] 32#32: exit
2021/12/12 10:07:55 [notice] 33#33: exit
2021/12/12 10:07:55 [notice] 34#34: exit
2021/12/12 10:07:55 [notice] 1#1: signal 17 (SIGCHLD) received from 31
2021/12/12 10:07:55 [notice] 1#1: worker process 31 exited with code 0
2021/12/12 10:07:55 [notice] 1#1: worker process 34 exited with code 0
2021/12/12 10:07:55 [notice] 1#1: signal 29 (SIGIO) received
2021/12/12 10:07:55 [notice] 1#1: signal 17 (SIGCHLD) received from 34
2021/12/12 10:07:55 [notice] 1#1: signal 17 (SIGCHLD) received from 33
2021/12/12 10:07:55 [notice] 1#1: worker process 33 exited with code 0
2021/12/12 10:07:55 [notice] 1#1: signal 29 (SIGIO) received
2021/12/12 10:07:55 [notice] 1#1: signal 17 (SIGCHLD) received from 32
2021/12/12 10:07:55 [notice] 1#1: worker process 32 exited with code 0
2021/12/12 10:07:55 [notice] 1#1: exit
2021/12/12 10:08:22 [notice] 1#1: using the "epoll" event method
2021/12/12 10:08:22 [notice] 1#1: nginx/1.21.4
2021/12/12 10:08:22 [notice] 1#1: built by gcc 10.2.1 20210110 (Debian 10.2.1-6) 
2021/12/12 10:08:22 [notice] 1#1: OS: Linux 5.10.16.3-microsoft-standard-WSL2
2021/12/12 10:08:22 [notice] 1#1: getrlimit(RLIMIT_NOFILE): 1048576:1048576
2021/12/12 10:08:22 [notice] 1#1: start worker processes
2021/12/12 10:08:22 [notice] 1#1: start worker process 32
2021/12/12 10:08:22 [notice] 1#1: start worker process 33
2021/12/12 10:08:22 [notice] 1#1: start worker process 34
2021/12/12 10:08:22 [notice] 1#1: start worker process 35
2021/12/12 10:15:29 [notice] 1#1: signal 3 (SIGQUIT) received, shutting down
2021/12/12 10:15:29 [notice] 33#33: gracefully shutting down
2021/12/12 10:15:29 [notice] 32#32: gracefully shutting down
2021/12/12 10:15:29 [notice] 32#32: exiting
2021/12/12 10:15:29 [notice] 34#34: gracefully shutting down
2021/12/12 10:15:29 [notice] 34#34: exiting
2021/12/12 10:15:29 [notice] 35#35: gracefully shutting down
2021/12/12 10:15:29 [notice] 33#33: exiting
2021/12/12 10:15:29 [notice] 32#32: exit
2021/12/12 10:15:29 [notice] 34#34: exit
2021/12/12 10:15:29 [notice] 35#35: exiting
2021/12/12 10:15:29 [notice] 33#33: exit
2021/12/12 10:15:29 [notice] 35#35: exit
2021/12/12 10:15:29 [notice] 1#1: signal 17 (SIGCHLD) received from 35
2021/12/12 10:15:29 [notice] 1#1: worker process 35 exited with code 0
2021/12/12 10:15:29 [notice] 1#1: signal 29 (SIGIO) received
2021/12/12 10:15:29 [notice] 1#1: signal 17 (SIGCHLD) received from 34
2021/12/12 10:15:29 [notice] 1#1: worker process 34 exited with code 0
2021/12/12 10:15:29 [notice] 1#1: signal 29 (SIGIO) received
2021/12/12 10:15:29 [notice] 1#1: signal 17 (SIGCHLD) received from 33
2021/12/12 10:15:29 [notice] 1#1: worker process 32 exited with code 0
2021/12/12 10:15:29 [notice] 1#1: worker process 33 exited with code 0
2021/12/12 10:15:29 [notice] 1#1: exit
2021/12/12 10:15:56 [notice] 1#1: using the "epoll" event method
2021/12/12 10:15:56 [notice] 1#1: nginx/1.21.4
2021/12/12 10:15:56 [notice] 1#1: built by gcc 10.2.1 20210110 (Debian 10.2.1-6) 
2021/12/12 10:15:56 [notice] 1#1: OS: Linux 5.10.16.3-microsoft-standard-WSL2
2021/12/12 10:15:56 [notice] 1#1: getrlimit(RLIMIT_NOFILE): 1048576:1048576
2021/12/12 10:15:56 [notice] 1#1: start worker processes
2021/12/12 10:15:56 [notice] 1#1: start worker process 32
2021/12/12 10:15:56 [notice] 1#1: start worker process 33
2021/12/12 10:15:56 [notice] 1#1: start worker process 34
2021/12/12 10:15:56 [notice] 1#1: start worker process 35
2021/12/12 10:25:17 [notice] 1#1: signal 3 (SIGQUIT) received, shutting down
2021/12/12 10:25:17 [notice] 33#33: gracefully shutting down
2021/12/12 10:25:17 [notice] 34#34: gracefully shutting down
2021/12/12 10:25:17 [notice] 35#35: gracefully shutting down
2021/12/12 10:25:17 [notice] 32#32: gracefully shutting down
2021/12/12 10:25:17 [notice] 33#33: exiting
2021/12/12 10:25:17 [notice] 34#34: exiting
2021/12/12 10:25:17 [notice] 35#35: exiting
2021/12/12 10:25:17 [notice] 32#32: exiting
2021/12/12 10:25:17 [notice] 33#33: exit
2021/12/12 10:25:17 [notice] 34#34: exit
2021/12/12 10:25:17 [notice] 35#35: exit
2021/12/12 10:25:17 [notice] 32#32: exit
2021/12/12 10:25:17 [notice] 1#1: signal 17 (SIGCHLD) received from 35
2021/12/12 10:25:17 [notice] 1#1: worker process 32 exited with code 0
2021/12/12 10:25:17 [notice] 1#1: worker process 33 exited with code 0
2021/12/12 10:25:17 [notice] 1#1: worker process 34 exited with code 0
2021/12/12 10:25:17 [notice] 1#1: worker process 35 exited with code 0
2021/12/12 10:25:17 [notice] 1#1: exit
2021/12/12 11:47:30 [notice] 1#1: using the "epoll" event method
2021/12/12 11:47:30 [notice] 1#1: nginx/1.21.4
2021/12/12 11:47:30 [notice] 1#1: built by gcc 10.2.1 20210110 (Debian 10.2.1-6) 
2021/12/12 11:47:30 [notice] 1#1: OS: Linux 5.10.16.3-microsoft-standard-WSL2
2021/12/12 11:47:30 [notice] 1#1: getrlimit(RLIMIT_NOFILE): 1048576:1048576
2021/12/12 11:47:30 [notice] 1#1: start worker processes
2021/12/12 11:47:30 [notice] 1#1: start worker process 31
2021/12/12 11:47:30 [notice] 1#1: start worker process 32
2021/12/12 11:47:30 [notice] 1#1: start worker process 33
2021/12/12 11:47:30 [notice] 1#1: start worker process 34
2021/12/12 12:28:53 [notice] 1#1: signal 3 (SIGQUIT) received, shutting down
2021/12/12 12:28:53 [notice] 32#32: gracefully shutting down
2021/12/12 12:28:53 [notice] 33#33: gracefully shutting down
2021/12/12 12:28:53 [notice] 33#33: exiting
2021/12/12 12:28:53 [notice] 31#31: gracefully shutting down
2021/12/12 12:28:53 [notice] 31#31: exiting
2021/12/12 12:28:53 [notice] 34#34: gracefully shutting down
2021/12/12 12:28:53 [notice] 34#34: exiting
2021/12/12 12:28:53 [notice] 32#32: exiting
2021/12/12 12:28:53 [notice] 31#31: exit
2021/12/12 12:28:53 [notice] 33#33: exit
2021/12/12 12:28:53 [notice] 34#34: exit
2021/12/12 12:28:53 [notice] 32#32: exit
2021/12/12 12:28:53 [notice] 1#1: signal 17 (SIGCHLD) received from 34
2021/12/12 12:28:53 [notice] 1#1: worker process 33 exited with code 0
2021/12/12 12:28:53 [notice] 1#1: worker process 34 exited with code 0
2021/12/12 12:28:53 [notice] 1#1: signal 29 (SIGIO) received
2021/12/12 12:28:53 [notice] 1#1: signal 17 (SIGCHLD) received from 33
2021/12/12 12:28:53 [notice] 1#1: signal 17 (SIGCHLD) received from 32
2021/12/12 12:28:53 [notice] 1#1: worker process 32 exited with code 0
2021/12/12 12:28:53 [notice] 1#1: signal 29 (SIGIO) received
2021/12/12 12:28:53 [notice] 1#1: signal 17 (SIGCHLD) received from 31
2021/12/12 12:28:53 [notice] 1#1: worker process 31 exited with code 0
2021/12/12 12:28:53 [notice] 1#1: exit
2021/12/12 13:27:09 [notice] 1#1: using the "epoll" event method
2021/12/12 13:27:09 [notice] 1#1: nginx/1.21.4
2021/12/12 13:27:09 [notice] 1#1: built by gcc 10.2.1 20210110 (Debian 10.2.1-6) 
2021/12/12 13:27:09 [notice] 1#1: OS: Linux 5.10.16.3-microsoft-standard-WSL2
2021/12/12 13:27:09 [notice] 1#1: getrlimit(RLIMIT_NOFILE): 1048576:1048576
2021/12/12 13:27:09 [notice] 1#1: start worker processes
2021/12/12 13:27:09 [notice] 1#1: start worker process 32
2021/12/12 13:27:09 [notice] 1#1: start worker process 33
2021/12/12 13:27:09 [notice] 1#1: start worker process 34
2021/12/12 13:27:09 [notice] 1#1: start worker process 35
2021/12/13 03:41:55 [notice] 1#1: using the "epoll" event method
2021/12/13 03:41:55 [notice] 1#1: nginx/1.21.4
2021/12/13 03:41:55 [notice] 1#1: built by gcc 10.2.1 20210110 (Debian 10.2.1-6) 
2021/12/13 03:41:55 [notice] 1#1: OS: Linux 5.10.16.3-microsoft-standard-WSL2
2021/12/13 03:41:55 [notice] 1#1: getrlimit(RLIMIT_NOFILE): 1048576:1048576
2021/12/13 03:41:55 [notice] 1#1: start worker processes
2021/12/13 03:41:55 [notice] 1#1: start worker process 33
2021/12/13 03:41:55 [notice] 1#1: start worker process 34
2021/12/13 03:41:55 [notice] 1#1: start worker process 35
2021/12/13 03:41:55 [notice] 1#1: start worker process 36
2021/12/13 04:37:00 [notice] 1#1: signal 3 (SIGQUIT) received, shutting down
2021/12/13 04:37:00 [notice] 34#34: gracefully shutting down
2021/12/13 04:37:00 [notice] 35#35: gracefully shutting down
2021/12/13 04:37:00 [notice] 33#33: gracefully shutting down
2021/12/13 04:37:00 [notice] 36#36: gracefully shutting down
2021/12/13 04:37:00 [notice] 34#34: exiting
2021/12/13 04:37:00 [notice] 35#35: exiting
2021/12/13 04:37:00 [notice] 35#35: exit
2021/12/13 04:37:00 [notice] 33#33: exiting
2021/12/13 04:37:00 [notice] 36#36: exiting
2021/12/13 04:37:00 [notice] 34#34: exit
2021/12/13 04:37:00 [notice] 33#33: exit
2021/12/13 04:37:00 [notice] 36#36: exit
2021/12/13 04:37:00 [notice] 1#1: signal 17 (SIGCHLD) received from 35
2021/12/13 04:37:00 [notice] 1#1: worker process 33 exited with code 0
2021/12/13 04:37:00 [notice] 1#1: worker process 34 exited with code 0
2021/12/13 04:37:00 [notice] 1#1: worker process 35 exited with code 0
2021/12/13 04:37:00 [notice] 1#1: signal 29 (SIGIO) received
2021/12/13 04:37:00 [notice] 1#1: signal 17 (SIGCHLD) received from 33
2021/12/13 04:37:00 [notice] 1#1: signal 17 (SIGCHLD) received from 36
2021/12/13 04:37:00 [notice] 1#1: worker process 36 exited with code 0
2021/12/13 04:37:00 [notice] 1#1: exit
2021/12/13 04:37:48 [notice] 1#1: using the "epoll" event method
2021/12/13 04:37:48 [notice] 1#1: nginx/1.21.4
2021/12/13 04:37:48 [notice] 1#1: built by gcc 10.2.1 20210110 (Debian 10.2.1-6) 
2021/12/13 04:37:48 [notice] 1#1: OS: Linux 5.10.16.3-microsoft-standard-WSL2
2021/12/13 04:37:48 [notice] 1#1: getrlimit(RLIMIT_NOFILE): 1048576:1048576
2021/12/13 04:37:48 [notice] 1#1: start worker processes
2021/12/13 04:37:48 [notice] 1#1: start worker process 32
2021/12/13 04:37:48 [notice] 1#1: start worker process 33
2021/12/13 04:37:48 [notice] 1#1: start worker process 34
2021/12/13 04:37:48 [notice] 1#1: start worker process 35
2021/12/13 06:40:02 [notice] 1#1: using the "epoll" event method
2021/12/13 06:40:02 [notice] 1#1: nginx/1.21.4
2021/12/13 06:40:02 [notice] 1#1: built by gcc 10.2.1 20210110 (Debian 10.2.1-6) 
2021/12/13 06:40:02 [notice] 1#1: OS: Linux 5.10.16.3-microsoft-standard-WSL2
2021/12/13 06:40:02 [notice] 1#1: getrlimit(RLIMIT_NOFILE): 1048576:1048576
2021/12/13 06:40:02 [notice] 1#1: start worker processes
2021/12/13 06:40:02 [notice] 1#1: start worker process 32
2021/12/13 06:40:02 [notice] 1#1: start worker process 33
2021/12/13 06:40:02 [notice] 1#1: start worker process 34
2021/12/13 06:40:02 [notice] 1#1: start worker process 35
2021/12/13 08:49:37 [notice] 1#1: using the "epoll" event method
2021/12/13 08:49:37 [notice] 1#1: nginx/1.21.4
2021/12/13 08:49:37 [notice] 1#1: built by gcc 10.2.1 20210110 (Debian 10.2.1-6) 
2021/12/13 08:49:37 [notice] 1#1: OS: Linux 5.10.16.3-microsoft-standard-WSL2
2021/12/13 08:49:37 [notice] 1#1: getrlimit(RLIMIT_NOFILE): 1048576:1048576
2021/12/13 08:49:37 [notice] 1#1: start worker processes
2021/12/13 08:49:37 [notice] 1#1: start worker process 24
2021/12/13 08:49:37 [notice] 1#1: start worker process 25
2021/12/13 08:49:37 [notice] 1#1: start worker process 26
2021/12/13 08:49:37 [notice] 1#1: start worker process 27
2021/12/13 09:51:53 [notice] 1#1: signal 3 (SIGQUIT) received, shutting down
2021/12/13 09:51:53 [notice] 24#24: gracefully shutting down
2021/12/13 09:51:53 [notice] 25#25: gracefully shutting down
2021/12/13 09:51:53 [notice] 25#25: exiting
2021/12/13 09:51:53 [notice] 27#27: gracefully shutting down
2021/12/13 09:51:53 [notice] 26#26: gracefully shutting down
2021/12/13 09:51:53 [notice] 24#24: exiting
2021/12/13 09:51:53 [notice] 25#25: exit
2021/12/13 09:51:53 [notice] 27#27: exiting
2021/12/13 09:51:53 [notice] 26#26: exiting
2021/12/13 09:51:53 [notice] 24#24: exit
2021/12/13 09:51:53 [notice] 27#27: exit
2021/12/13 09:51:53 [notice] 26#26: exit
2021/12/13 09:51:53 [notice] 1#1: signal 17 (SIGCHLD) received from 25
2021/12/13 09:51:53 [notice] 1#1: worker process 25 exited with code 0
2021/12/13 09:51:53 [notice] 1#1: signal 29 (SIGIO) received
2021/12/13 09:51:53 [notice] 1#1: signal 17 (SIGCHLD) received from 26
2021/12/13 09:51:53 [notice] 1#1: worker process 26 exited with code 0
2021/12/13 09:51:53 [notice] 1#1: signal 29 (SIGIO) received
2021/12/13 09:51:53 [notice] 1#1: signal 17 (SIGCHLD) received from 27
2021/12/13 09:51:53 [notice] 1#1: worker process 27 exited with code 0
2021/12/13 09:51:53 [notice] 1#1: signal 29 (SIGIO) received
2021/12/13 09:51:53 [notice] 1#1: signal 17 (SIGCHLD) received from 24
2021/12/13 09:51:53 [notice] 1#1: worker process 24 exited with code 0
2021/12/13 09:51:53 [notice] 1#1: exit
2021/12/13 09:52:47 [notice] 1#1: using the "epoll" event method
2021/12/13 09:52:47 [notice] 1#1: nginx/1.21.4
2021/12/13 09:52:47 [notice] 1#1: built by gcc 10.2.1 20210110 (Debian 10.2.1-6) 
2021/12/13 09:52:47 [notice] 1#1: OS: Linux 5.10.16.3-microsoft-standard-WSL2
2021/12/13 09:52:47 [notice] 1#1: getrlimit(RLIMIT_NOFILE): 1048576:1048576
2021/12/13 09:52:47 [notice] 1#1: start worker processes
2021/12/13 09:52:47 [notice] 1#1: start worker process 32
2021/12/13 09:52:47 [notice] 1#1: start worker process 33
2021/12/13 09:52:47 [notice] 1#1: start worker process 34
2021/12/13 09:52:47 [notice] 1#1: start worker process 35
2021/12/13 10:04:35 [notice] 1#1: signal 3 (SIGQUIT) received, shutting down
2021/12/13 10:04:35 [notice] 32#32: gracefully shutting down
2021/12/13 10:04:35 [notice] 32#32: exiting
2021/12/13 10:04:35 [notice] 35#35: gracefully shutting down
2021/12/13 10:04:35 [notice] 35#35: exiting
2021/12/13 10:04:35 [notice] 34#34: gracefully shutting down
2021/12/13 10:04:35 [notice] 34#34: exiting
2021/12/13 10:04:35 [notice] 34#34: exit
2021/12/13 10:04:35 [notice] 33#33: gracefully shutting down
2021/12/13 10:04:35 [notice] 32#32: exit
2021/12/13 10:04:35 [notice] 35#35: exit
2021/12/13 10:04:35 [notice] 1#1: signal 17 (SIGCHLD) received from 32
2021/12/13 10:04:35 [notice] 1#1: worker process 32 exited with code 0
2021/12/13 10:04:35 [notice] 1#1: signal 29 (SIGIO) received
2021/12/13 10:04:35 [notice] 1#1: signal 17 (SIGCHLD) received from 35
2021/12/13 10:04:35 [notice] 1#1: worker process 34 exited with code 0
2021/12/13 10:04:35 [notice] 1#1: worker process 35 exited with code 0
2021/12/13 10:04:35 [notice] 1#1: signal 29 (SIGIO) received
2021/12/13 10:04:35 [notice] 1#1: signal 17 (SIGCHLD) received from 34
2021/12/13 10:05:27 [notice] 1#1: using the "epoll" event method
2021/12/13 10:05:27 [notice] 1#1: nginx/1.21.4
2021/12/13 10:05:27 [notice] 1#1: built by gcc 10.2.1 20210110 (Debian 10.2.1-6) 
2021/12/13 10:05:27 [notice] 1#1: OS: Linux 5.10.16.3-microsoft-standard-WSL2
2021/12/13 10:05:27 [notice] 1#1: getrlimit(RLIMIT_NOFILE): 1048576:1048576
2021/12/13 10:05:27 [notice] 1#1: start worker processes
2021/12/13 10:05:27 [notice] 1#1: start worker process 31
2021/12/13 10:05:27 [notice] 1#1: start worker process 32
2021/12/13 10:05:27 [notice] 1#1: start worker process 33
2021/12/13 10:05:27 [notice] 1#1: start worker process 34
2021/12/13 10:11:16 [notice] 1#1: signal 3 (SIGQUIT) received, shutting down
2021/12/13 10:11:16 [notice] 31#31: gracefully shutting down
2021/12/13 10:11:16 [notice] 32#32: gracefully shutting down
2021/12/13 10:11:16 [notice] 32#32: exiting
2021/12/13 10:11:16 [notice] 33#33: gracefully shutting down
2021/12/13 10:11:16 [notice] 33#33: exiting
2021/12/13 10:11:16 [notice] 34#34: gracefully shutting down
2021/12/13 10:11:16 [notice] 31#31: exiting
2021/12/13 10:11:16 [notice] 32#32: exit
2021/12/13 10:11:16 [notice] 33#33: exit
2021/12/13 10:11:16 [notice] 34#34: exiting
2021/12/13 10:11:16 [notice] 34#34: exit
2021/12/13 10:11:16 [notice] 31#31: exit
2021/12/13 10:11:16 [notice] 1#1: signal 17 (SIGCHLD) received from 32
2021/12/13 10:11:16 [notice] 1#1: worker process 32 exited with code 0
2021/12/13 10:11:16 [notice] 1#1: worker process 34 exited with code 0
2021/12/13 10:11:16 [notice] 1#1: signal 29 (SIGIO) received
2021/12/13 10:11:16 [notice] 1#1: signal 17 (SIGCHLD) received from 31
2021/12/13 10:11:16 [notice] 1#1: worker process 31 exited with code 0
2021/12/13 10:11:16 [notice] 1#1: worker process 33 exited with code 0
2021/12/13 10:11:16 [notice] 1#1: exit
2021/12/13 10:12:15 [notice] 1#1: using the "epoll" event method
2021/12/13 10:12:15 [notice] 1#1: nginx/1.21.4
2021/12/13 10:12:15 [notice] 1#1: built by gcc 10.2.1 20210110 (Debian 10.2.1-6) 
2021/12/13 10:12:15 [notice] 1#1: OS: Linux 5.10.16.3-microsoft-standard-WSL2
2021/12/13 10:12:15 [notice] 1#1: getrlimit(RLIMIT_NOFILE): 1048576:1048576
2021/12/13 10:12:15 [notice] 1#1: start worker processes
2021/12/13 10:12:15 [notice] 1#1: start worker process 33
2021/12/13 10:12:15 [notice] 1#1: start worker process 34
2021/12/13 10:12:15 [notice] 1#1: start worker process 35
2021/12/13 10:12:15 [notice] 1#1: start worker process 36
2021/12/13 10:13:15 [error] 33#33: *1 open() "/usr/share/nginx/html/favicon.ico" failed (2: No such file or directory), client: 172.20.0.1, server: localhost, request: "GET /favicon.ico HTTP/1.1", host: "localhost", referrer: "http://localhost/"
2021/12/14 01:50:27 [notice] 1#1: using the "epoll" event method
2021/12/14 01:50:27 [notice] 1#1: nginx/1.21.4
2021/12/14 01:50:27 [notice] 1#1: built by gcc 10.2.1 20210110 (Debian 10.2.1-6) 
2021/12/14 01:50:27 [notice] 1#1: OS: Linux 5.10.16.3-microsoft-standard-WSL2
2021/12/14 01:50:27 [notice] 1#1: getrlimit(RLIMIT_NOFILE): 1048576:1048576
2021/12/14 01:50:27 [notice] 1#1: start worker processes
2021/12/14 01:50:27 [notice] 1#1: start worker process 25
2021/12/14 01:50:27 [notice] 1#1: start worker process 26
2021/12/14 01:50:27 [notice] 1#1: start worker process 27
2021/12/14 01:50:27 [notice] 1#1: start worker process 28
2021/12/14 01:56:38 [notice] 1#1: signal 3 (SIGQUIT) received, shutting down
2021/12/14 01:56:38 [notice] 26#26: gracefully shutting down
2021/12/14 01:56:38 [notice] 25#25: gracefully shutting down
2021/12/14 01:56:38 [notice] 27#27: gracefully shutting down
2021/12/14 01:56:38 [notice] 28#28: gracefully shutting down
2021/12/14 01:56:38 [notice] 26#26: exiting
2021/12/14 01:56:38 [notice] 25#25: exiting
2021/12/14 01:56:38 [notice] 27#27: exiting
2021/12/14 01:56:38 [notice] 28#28: exiting
2021/12/14 01:56:38 [notice] 26#26: exit
2021/12/14 01:56:38 [notice] 25#25: exit
2021/12/14 01:56:38 [notice] 27#27: exit
2021/12/14 01:56:38 [notice] 28#28: exit
2021/12/14 01:56:38 [notice] 1#1: signal 17 (SIGCHLD) received from 26
2021/12/14 01:56:38 [notice] 1#1: worker process 26 exited with code 0
2021/12/14 01:56:38 [notice] 1#1: signal 29 (SIGIO) received
2021/12/14 01:56:38 [notice] 1#1: signal 17 (SIGCHLD) received from 25
2021/12/14 01:56:38 [notice] 1#1: worker process 25 exited with code 0
2021/12/14 01:56:38 [notice] 1#1: signal 29 (SIGIO) received
2021/12/14 01:56:38 [notice] 1#1: signal 17 (SIGCHLD) received from 27
2021/12/14 01:56:38 [notice] 1#1: worker process 27 exited with code 0
2021/12/14 01:56:38 [notice] 1#1: worker process 28 exited with code 0
2021/12/14 01:56:38 [notice] 1#1: exit
2021/12/14 01:58:32 [notice] 1#1: using the "epoll" event method
2021/12/14 01:58:32 [notice] 1#1: nginx/1.21.4
2021/12/14 01:58:32 [notice] 1#1: built by gcc 10.2.1 20210110 (Debian 10.2.1-6) 
2021/12/14 01:58:32 [notice] 1#1: OS: Linux 5.10.16.3-microsoft-standard-WSL2
2021/12/14 01:58:32 [notice] 1#1: getrlimit(RLIMIT_NOFILE): 1048576:1048576
2021/12/14 01:58:32 [notice] 1#1: start worker processes
2021/12/14 01:58:32 [notice] 1#1: start worker process 34
2021/12/14 01:58:32 [notice] 1#1: start worker process 35
2021/12/14 01:58:32 [notice] 1#1: start worker process 36
2021/12/14 01:58:32 [notice] 1#1: start worker process 37
2021/12/14 02:00:31 [notice] 1#1: signal 3 (SIGQUIT) received, shutting down
2021/12/14 02:00:31 [notice] 34#34: gracefully shutting down
2021/12/14 02:00:31 [notice] 35#35: gracefully shutting down
2021/12/14 02:00:31 [notice] 36#36: gracefully shutting down
2021/12/14 02:00:31 [notice] 36#36: exiting
2021/12/14 02:00:31 [notice] 37#37: gracefully shutting down
2021/12/14 02:00:31 [notice] 34#34: exiting
2021/12/14 02:00:31 [notice] 35#35: exiting
2021/12/14 02:00:31 [notice] 36#36: exit
2021/12/14 02:00:31 [notice] 37#37: exiting
2021/12/14 02:00:31 [notice] 34#34: exit
2021/12/14 02:00:31 [notice] 35#35: exit
2021/12/14 02:00:31 [notice] 37#37: exit
2021/12/14 02:00:31 [notice] 1#1: signal 17 (SIGCHLD) received from 35
2021/12/14 02:00:31 [notice] 1#1: worker process 35 exited with code 0
2021/12/14 02:00:31 [notice] 1#1: worker process 36 exited with code 0
2021/12/14 02:00:31 [notice] 1#1: signal 29 (SIGIO) received
2021/12/14 02:00:31 [notice] 1#1: signal 17 (SIGCHLD) received from 37
2021/12/14 02:00:31 [notice] 1#1: worker process 37 exited with code 0
2021/12/14 02:00:31 [notice] 1#1: signal 29 (SIGIO) received
2021/12/14 02:00:31 [notice] 1#1: signal 17 (SIGCHLD) received from 34
2021/12/14 02:00:31 [notice] 1#1: worker process 34 exited with code 0
2021/12/14 02:00:31 [notice] 1#1: exit
2021/12/14 02:00:34 [notice] 1#1: using the "epoll" event method
2021/12/14 02:00:34 [notice] 1#1: nginx/1.21.4
2021/12/14 02:00:34 [notice] 1#1: built by gcc 10.2.1 20210110 (Debian 10.2.1-6) 
2021/12/14 02:00:34 [notice] 1#1: OS: Linux 5.10.16.3-microsoft-standard-WSL2
2021/12/14 02:00:34 [notice] 1#1: getrlimit(RLIMIT_NOFILE): 1048576:1048576
2021/12/14 02:00:34 [notice] 1#1: start worker processes
2021/12/14 02:00:34 [notice] 1#1: start worker process 32
2021/12/14 02:00:34 [notice] 1#1: start worker process 33
2021/12/14 02:00:34 [notice] 1#1: start worker process 34
2021/12/14 02:00:34 [notice] 1#1: start worker process 35
2021/12/14 02:04:46 [notice] 1#1: signal 3 (SIGQUIT) received, shutting down
2021/12/14 02:04:46 [notice] 34#34: gracefully shutting down
2021/12/14 02:04:46 [notice] 33#33: gracefully shutting down
2021/12/14 02:04:46 [notice] 33#33: exiting
2021/12/14 02:04:46 [notice] 32#32: gracefully shutting down
2021/12/14 02:04:46 [notice] 35#35: gracefully shutting down
2021/12/14 02:04:46 [notice] 34#34: exiting
2021/12/14 02:04:46 [notice] 33#33: exit
2021/12/14 02:04:46 [notice] 32#32: exiting
2021/12/14 02:04:46 [notice] 35#35: exiting
2021/12/14 02:04:46 [notice] 34#34: exit
2021/12/14 02:04:46 [notice] 32#32: exit
2021/12/14 02:04:46 [notice] 35#35: exit
2021/12/14 02:04:46 [notice] 1#1: signal 17 (SIGCHLD) received from 34
2021/12/14 02:04:46 [notice] 1#1: worker process 33 exited with code 0
2021/12/14 02:04:46 [notice] 1#1: worker process 34 exited with code 0
2021/12/14 02:04:46 [notice] 1#1: worker process 35 exited with code 0
2021/12/14 02:04:46 [notice] 1#1: signal 29 (SIGIO) received
2021/12/14 02:04:46 [notice] 1#1: signal 17 (SIGCHLD) received from 35
2021/12/14 02:04:46 [notice] 1#1: signal 17 (SIGCHLD) received from 32
2021/12/14 02:04:46 [notice] 1#1: worker process 32 exited with code 0
2021/12/14 02:04:46 [notice] 1#1: exit
2021/12/14 02:08:38 [emerg] 1#1: host not found in upstream "php" in /etc/nginx/conf.d/project1.conf:21
2021/12/14 02:09:50 [emerg] 1#1: host not found in upstream "php" in /etc/nginx/conf.d/project1.conf:21
2021/12/14 02:11:25 [emerg] 1#1: host not found in upstream "php" in /etc/nginx/conf.d/project1.conf:21
2021/12/14 02:16:16 [notice] 1#1: using the "epoll" event method
2021/12/14 02:16:16 [notice] 1#1: nginx/1.21.4
2021/12/14 02:16:16 [notice] 1#1: built by gcc 10.2.1 20210110 (Debian 10.2.1-6) 
2021/12/14 02:16:16 [notice] 1#1: OS: Linux 5.10.16.3-microsoft-standard-WSL2
2021/12/14 02:16:16 [notice] 1#1: getrlimit(RLIMIT_NOFILE): 1048576:1048576
2021/12/14 02:16:16 [notice] 1#1: start worker processes
2021/12/14 02:16:16 [notice] 1#1: start worker process 33
2021/12/14 02:16:16 [notice] 1#1: start worker process 34
2021/12/14 02:16:16 [notice] 1#1: start worker process 35
2021/12/14 02:16:16 [notice] 1#1: start worker process 36
2021/12/14 02:34:57 [error] 33#33: *2 open() "/usr/share/nginx/html/favicon.ico" failed (2: No such file or directory), client: 172.22.0.1, server: localhost, request: "GET /favicon.ico HTTP/1.1", host: "localhost", referrer: "http://localhost/"
2021/12/14 02:35:01 [error] 34#34: *4 connect() failed (111: Connection refused) while connecting to upstream, client: 172.22.0.1, server: test_domain.com, request: "GET / HTTP/1.1", upstream: "fastcgi://172.22.0.3:9000", host: "test_domain.com"
2021/12/14 02:35:30 [error] 34#34: *4 connect() failed (111: Connection refused) while connecting to upstream, client: 172.22.0.1, server: test_domain.com, request: "GET / HTTP/1.1", upstream: "fastcgi://172.22.0.3:9000", host: "test_domain.com"
2021/12/14 02:36:04 [error] 34#34: *4 connect() failed (111: Connection refused) while connecting to upstream, client: 172.22.0.1, server: test_domain.com, request: "GET / HTTP/1.1", upstream: "fastcgi://172.22.0.3:9000", host: "test_domain.com"
2021/12/14 02:36:04 [error] 34#34: *4 connect() failed (111: Connection refused) while connecting to upstream, client: 172.22.0.1, server: test_domain.com, request: "GET / HTTP/1.1", upstream: "fastcgi://172.22.0.3:9000", host: "test_domain.com"
2021/12/14 02:36:05 [error] 34#34: *4 connect() failed (111: Connection refused) while connecting to upstream, client: 172.22.0.1, server: test_domain.com, request: "GET / HTTP/1.1", upstream: "fastcgi://172.22.0.3:9000", host: "test_domain.com"
2021/12/14 02:36:05 [error] 34#34: *4 connect() failed (111: Connection refused) while connecting to upstream, client: 172.22.0.1, server: test_domain.com, request: "GET / HTTP/1.1", upstream: "fastcgi://172.22.0.3:9000", host: "test_domain.com"
2021/12/14 02:36:05 [error] 34#34: *4 connect() failed (111: Connection refused) while connecting to upstream, client: 172.22.0.1, server: test_domain.com, request: "GET / HTTP/1.1", upstream: "fastcgi://172.22.0.3:9000", host: "test_domain.com"
2021/12/14 02:36:05 [error] 34#34: *4 connect() failed (111: Connection refused) while connecting to upstream, client: 172.22.0.1, server: test_domain.com, request: "GET / HTTP/1.1", upstream: "fastcgi://172.22.0.3:9000", host: "test_domain.com"
2021/12/14 02:36:06 [error] 34#34: *4 connect() failed (111: Connection refused) while connecting to upstream, client: 172.22.0.1, server: test_domain.com, request: "GET / HTTP/1.1", upstream: "fastcgi://172.22.0.3:9000", host: "test_domain.com"
2021/12/14 02:36:06 [error] 34#34: *4 connect() failed (111: Connection refused) while connecting to upstream, client: 172.22.0.1, server: test_domain.com, request: "GET / HTTP/1.1", upstream: "fastcgi://172.22.0.3:9000", host: "test_domain.com"
2021/12/14 02:36:06 [error] 34#34: *4 connect() failed (111: Connection refused) while connecting to upstream, client: 172.22.0.1, server: test_domain.com, request: "GET / HTTP/1.1", upstream: "fastcgi://172.22.0.3:9000", host: "test_domain.com"
2021/12/14 02:36:06 [error] 34#34: *4 connect() failed (111: Connection refused) while connecting to upstream, client: 172.22.0.1, server: test_domain.com, request: "GET / HTTP/1.1", upstream: "fastcgi://172.22.0.3:9000", host: "test_domain.com"
2021/12/14 02:36:06 [error] 34#34: *4 connect() failed (111: Connection refused) while connecting to upstream, client: 172.22.0.1, server: test_domain.com, request: "GET / HTTP/1.1", upstream: "fastcgi://172.22.0.3:9000", host: "test_domain.com"
2021/12/14 02:36:07 [error] 34#34: *4 connect() failed (111: Connection refused) while connecting to upstream, client: 172.22.0.1, server: test_domain.com, request: "GET / HTTP/1.1", upstream: "fastcgi://172.22.0.3:9000", host: "test_domain.com"
2021/12/14 02:36:07 [error] 34#34: *4 connect() failed (111: Connection refused) while connecting to upstream, client: 172.22.0.1, server: test_domain.com, request: "GET / HTTP/1.1", upstream: "fastcgi://172.22.0.3:9000", host: "test_domain.com"
2021/12/14 02:36:07 [error] 34#34: *4 connect() failed (111: Connection refused) while connecting to upstream, client: 172.22.0.1, server: test_domain.com, request: "GET / HTTP/1.1", upstream: "fastcgi://172.22.0.3:9000", host: "test_domain.com"
2021/12/14 02:36:07 [error] 34#34: *4 connect() failed (111: Connection refused) while connecting to upstream, client: 172.22.0.1, server: test_domain.com, request: "GET / HTTP/1.1", upstream: "fastcgi://172.22.0.3:9000", host: "test_domain.com"
2021/12/14 02:36:07 [error] 34#34: *4 connect() failed (111: Connection refused) while connecting to upstream, client: 172.22.0.1, server: test_domain.com, request: "GET / HTTP/1.1", upstream: "fastcgi://172.22.0.3:9000", host: "test_domain.com"
2021/12/14 02:36:07 [error] 34#34: *4 connect() failed (111: Connection refused) while connecting to upstream, client: 172.22.0.1, server: test_domain.com, request: "GET / HTTP/1.1", upstream: "fastcgi://172.22.0.3:9000", host: "test_domain.com"
2021/12/14 02:36:08 [error] 34#34: *4 connect() failed (111: Connection refused) while connecting to upstream, client: 172.22.0.1, server: test_domain.com, request: "GET / HTTP/1.1", upstream: "fastcgi://172.22.0.3:9000", host: "test_domain.com"
2021/12/14 02:36:08 [error] 34#34: *4 connect() failed (111: Connection refused) while connecting to upstream, client: 172.22.0.1, server: test_domain.com, request: "GET / HTTP/1.1", upstream: "fastcgi://172.22.0.3:9000", host: "test_domain.com"
2021/12/14 02:36:08 [error] 34#34: *4 connect() failed (111: Connection refused) while connecting to upstream, client: 172.22.0.1, server: test_domain.com, request: "GET / HTTP/1.1", upstream: "fastcgi://172.22.0.3:9000", host: "test_domain.com"
2021/12/14 02:36:08 [error] 34#34: *4 connect() failed (111: Connection refused) while connecting to upstream, client: 172.22.0.1, server: test_domain.com, request: "GET / HTTP/1.1", upstream: "fastcgi://172.22.0.3:9000", host: "test_domain.com"
2021/12/14 02:36:08 [error] 34#34: *4 connect() failed (111: Connection refused) while connecting to upstream, client: 172.22.0.1, server: test_domain.com, request: "GET / HTTP/1.1", upstream: "fastcgi://172.22.0.3:9000", host: "test_domain.com"
2021/12/14 02:36:08 [error] 34#34: *4 connect() failed (111: Connection refused) while connecting to upstream, client: 172.22.0.1, server: test_domain.com, request: "GET / HTTP/1.1", upstream: "fastcgi://172.22.0.3:9000", host: "test_domain.com"
2021/12/14 02:36:09 [error] 34#34: *4 connect() failed (111: Connection refused) while connecting to upstream, client: 172.22.0.1, server: test_domain.com, request: "GET / HTTP/1.1", upstream: "fastcgi://172.22.0.3:9000", host: "test_domain.com"
2021/12/14 02:36:09 [error] 34#34: *4 connect() failed (111: Connection refused) while connecting to upstream, client: 172.22.0.1, server: test_domain.com, request: "GET / HTTP/1.1", upstream: "fastcgi://172.22.0.3:9000", host: "test_domain.com"
2021/12/14 02:36:09 [error] 34#34: *4 connect() failed (111: Connection refused) while connecting to upstream, client: 172.22.0.1, server: test_domain.com, request: "GET / HTTP/1.1", upstream: "fastcgi://172.22.0.3:9000", host: "test_domain.com"
2021/12/14 02:36:09 [error] 34#34: *4 connect() failed (111: Connection refused) while connecting to upstream, client: 172.22.0.1, server: test_domain.com, request: "GET / HTTP/1.1", upstream: "fastcgi://172.22.0.3:9000", host: "test_domain.com"
2021/12/14 02:36:09 [error] 34#34: *4 connect() failed (111: Connection refused) while connecting to upstream, client: 172.22.0.1, server: test_domain.com, request: "GET / HTTP/1.1", upstream: "fastcgi://172.22.0.3:9000", host: "test_domain.com"
2021/12/14 02:36:10 [error] 34#34: *4 connect() failed (111: Connection refused) while connecting to upstream, client: 172.22.0.1, server: test_domain.com, request: "GET / HTTP/1.1", upstream: "fastcgi://172.22.0.3:9000", host: "test_domain.com"
2021/12/14 02:36:10 [error] 34#34: *4 connect() failed (111: Connection refused) while connecting to upstream, client: 172.22.0.1, server: test_domain.com, request: "GET / HTTP/1.1", upstream: "fastcgi://172.22.0.3:9000", host: "test_domain.com"
2021/12/14 02:36:10 [error] 34#34: *4 connect() failed (111: Connection refused) while connecting to upstream, client: 172.22.0.1, server: test_domain.com, request: "GET / HTTP/1.1", upstream: "fastcgi://172.22.0.3:9000", host: "test_domain.com"
2021/12/14 02:36:10 [error] 34#34: *4 connect() failed (111: Connection refused) while connecting to upstream, client: 172.22.0.1, server: test_domain.com, request: "GET / HTTP/1.1", upstream: "fastcgi://172.22.0.3:9000", host: "test_domain.com"
2021/12/14 02:36:38 [error] 34#34: *4 connect() failed (111: Connection refused) while connecting to upstream, client: 172.22.0.1, server: test_domain.com, request: "GET / HTTP/1.1", upstream: "fastcgi://172.22.0.3:9000", host: "test_domain.com"
2021/12/14 02:36:39 [error] 34#34: *4 connect() failed (111: Connection refused) while connecting to upstream, client: 172.22.0.1, server: test_domain.com, request: "GET / HTTP/1.1", upstream: "fastcgi://172.22.0.3:9000", host: "test_domain.com"
2021/12/14 02:36:39 [error] 34#34: *4 connect() failed (111: Connection refused) while connecting to upstream, client: 172.22.0.1, server: test_domain.com, request: "GET / HTTP/1.1", upstream: "fastcgi://172.22.0.3:9000", host: "test_domain.com"
2021/12/14 02:36:39 [error] 34#34: *4 connect() failed (111: Connection refused) while connecting to upstream, client: 172.22.0.1, server: test_domain.com, request: "GET / HTTP/1.1", upstream: "fastcgi://172.22.0.3:9000", host: "test_domain.com"
